20:21:58.584 [main] INFO  api.test.TC005_PetTest - ***** Get created pet *****
20:22:54.678 [main] INFO  api.test.TC005_PetTest - ***** create new pet *****
20:22:58.208 [main] INFO  api.test.TC005_PetTest - ***** new pet created *****
20:22:58.213 [main] INFO  api.test.TC005_PetTest - ***** Get created pet *****
20:24:32.369 [main] INFO  api.test.TC005_PetTest - ***** create new pet *****
20:24:35.896 [main] INFO  api.test.TC005_PetTest - ***** new pet created *****
20:24:35.902 [main] INFO  api.test.TC005_PetTest - ***** Get created pet *****
20:24:37.235 [main] INFO  api.test.TC005_PetTest - ***** Received created pet *****
20:24:52.039 [main] INFO  api.test.TC005_PetTest - ***** create new pet *****
20:24:55.582 [main] INFO  api.test.TC005_PetTest - ***** new pet created *****
20:24:55.587 [main] INFO  api.test.TC005_PetTest - ***** Get created pet *****
20:24:56.912 [main] INFO  api.test.TC005_PetTest - ***** Received created pet *****
20:24:56.915 [main] INFO  api.test.TC005_PetTest - ***** Update created pet *****
20:24:58.344 [main] INFO  api.test.TC005_PetTest - ***** Delete pet *****
20:24:59.614 [main] INFO  api.test.TC005_PetTest - *****pet Delete *****
20:26:22.811 [main] INFO  api.test.TC005_PetTest - ***** create new pet *****
20:26:26.358 [main] INFO  api.test.TC005_PetTest - ***** new pet created *****
20:26:26.364 [main] INFO  api.test.TC005_PetTest - ***** Get created pet *****
20:26:27.744 [main] INFO  api.test.TC005_PetTest - ***** Received created pet *****
20:26:27.748 [main] INFO  api.test.TC005_PetTest - ***** Delete pet *****
20:26:29.056 [main] INFO  api.test.TC005_PetTest - *****pet Delete *****
20:41:00.287 [main] INFO  api.test.TC001_UserTest - ***** Create user*******
20:41:03.422 [main] INFO  api.test.TC001_UserTest - *****User Created*******
20:41:03.437 [main] INFO  api.test.TC001_UserTest - ***** Get user*******
20:41:04.729 [main] INFO  api.test.TC001_UserTest - *****Received user body*******
20:41:04.734 [main] INFO  api.test.TC001_UserTest - *****Updating user body*******
20:41:06.086 [main] INFO  api.test.TC001_UserTest - *****User body is updated*******
20:41:06.088 [main] INFO  api.test.TC001_UserTest - *****Deleting user*******
20:41:08.673 [main] INFO  api.test.TC001_UserTest - *****User deleted*******
20:44:00.904 [main] INFO  api.test.TC003_UserTestFromProperties - ***** Create user*******
20:44:03.912 [main] INFO  api.test.TC003_UserTestFromProperties - *****User Created*******
20:44:03.926 [main] INFO  api.test.TC003_UserTestFromProperties - ***** Get user*******
20:44:05.276 [main] INFO  api.test.TC003_UserTestFromProperties - *****Received user body*******
20:44:05.277 [main] INFO  api.test.TC003_UserTestFromProperties - *****Received user body*******
20:44:05.280 [main] INFO  api.test.TC003_UserTestFromProperties - *****Updating user body*******
20:44:06.595 [main] INFO  api.test.TC003_UserTestFromProperties - *****User body is updated*******
20:44:06.598 [main] INFO  api.test.TC003_UserTestFromProperties - *****Deleting user*******
20:44:07.883 [main] INFO  api.test.TC003_UserTestFromProperties - *****User deleted*******
20:44:36.944 [main] INFO  api.test.TC004_OrderPlaceTest - ***** placing order *****
20:44:40.343 [main] INFO  api.test.TC004_OrderPlaceTest - ***** order placed *****
20:44:40.358 [main] INFO  api.test.TC004_OrderPlaceTest - ***** get placed order *****
20:44:41.798 [main] INFO  api.test.TC004_OrderPlaceTest - ***** received placed order *****
20:44:41.801 [main] INFO  api.test.TC004_OrderPlaceTest - ***** Delete order *****
20:44:43.179 [main] INFO  api.test.TC004_OrderPlaceTest - ***** order deleted *****
20:45:24.207 [main] INFO  api.test.TC005_PetTest - ***** create new pet *****
20:45:27.944 [main] INFO  api.test.TC005_PetTest - ***** new pet created *****
20:45:27.961 [main] INFO  api.test.TC005_PetTest - ***** Get created pet *****
20:45:29.419 [main] INFO  api.test.TC005_PetTest - ***** Received created pet *****
20:45:29.423 [main] INFO  api.test.TC005_PetTest - ***** Delete pet *****
20:45:30.867 [main] INFO  api.test.TC005_PetTest - *****pet Delete *****
